Sender: LSF System <lsfadmin@gpu07>
Subject: Job 31715: <#!/bin/sh;#BSUB -q gpuq;#BSUB -o %J.out;#BSUB -e %J.err;#BSUB -n 1;#BSUB -a python;#BSUB -R "select[ngpus>0] rusage [ngpus_shared=2]"; CURDIR=$PWD;cd $CURDIR;python main.py> in cluster <cluster1> Exited

Job <#!/bin/sh;#BSUB -q gpuq;#BSUB -o %J.out;#BSUB -e %J.err;#BSUB -n 1;#BSUB -a python;#BSUB -R "select[ngpus>0] rusage [ngpus_shared=2]"; CURDIR=$PWD;cd $CURDIR;python main.py> was submitted from host <mgt02> by user <xiyuezhu> in cluster <cluster1>.
Job was executed on host(s) <gpu07>, in queue <gpuq>, as user <xiyuezhu> in cluster <cluster1>.
</gpfsdata/home/xiyuezhu> was used as the home directory.
</gpfsdata/home/xiyuezhu/ece449/course_project/dqn> was used as the working directory.
Started at Results reported on 
Your job looked like:

------------------------------------------------------------
# LSBATCH: User input
#!/bin/sh
#BSUB -q gpuq
#BSUB -o %J.out
#BSUB -e %J.err
#BSUB -n 1
#BSUB -a python
#BSUB -R "select[ngpus>0] rusage [ngpus_shared=2]"

CURDIR=$PWD
cd $CURDIR
python main.py

------------------------------------------------------------

Exited with exit code 1.

Resource usage summary:

    CPU time :                                   5.77 sec.
    Max Memory :                                 55 MB
    Average Memory :                             26.33 MB
    Total Requested Memory :                     -
    Delta Memory :                               -
    Max Swap :                                   -
    Max Processes :                              4
    Max Threads :                                28
    Run time :                                   27 sec.
    Turnaround time :                            23 sec.

The output (if any) follows:

State shape:  (128,)
Number of actions:  4


PS:

Read file <31715.err> for stderr output of this job.

